This is XeTeX, Version 3.1415926-2.2-0.9997.4 (MiKTeX 2.9) (preloaded format=xelatex 2016.4.7)  28 APR 2016 23:39
entering extended mode
**throwbox-glovecom14-v6.tex

(C:\Users\lemon\Desktop\MAB\paper\Final-Version-Throwbox-Globecom14\throwbox-gl
ovecom14-v6.tex
LaTeX2e <2009/09/24>
Babel <v3.8l> and hyphenation patterns for loaded.

(C:\Users\lemon\Desktop\MAB\paper\Final-Version-Throwbox-Globecom14\IEEEtran.cl
s
Document Class: IEEEtran 2007/03/05 V1.7a by Michael Shell
-- See the "IEEEtran_HOWTO" manual for usage information.
-- http://www.michaelshell.org/tex/ieeetran/
\@IEEEtrantmpdimenA=\dimen102
\@IEEEtrantmpdimenB=\dimen103
\@IEEEtrantmpcountA=\count80
\@IEEEtrantmpcountB=\count81
\@IEEEtrantmptoksA=\toks14
LaTeX Font Info:    Try loading font information for OT1+ptm on input line 366.

(F:\CTEX\MiKTeX\tex\latex\psnfss\ot1ptm.fd
File: ot1ptm.fd 2001/06/04 font definitions for OT1/ptm.
)
-- Using 8.5in x 11in (letter) paper.
-- Using DVI output.
\@IEEEnormalsizeunitybaselineskip=\dimen104
-- This is a 10 point document.
\CLASSINFOnormalsizebaselineskip=\dimen105
\CLASSINFOnormalsizeunitybaselineskip=\dimen106
\IEEEnormaljot=\dimen107
LaTeX Font Info:    Font shape `OT1/ptm/bx/n' in size <5> not available
(Font)              Font shape `OT1/ptm/b/n' tried instead on input line 724.
LaTeX Font Info:    Font shape `OT1/ptm/bx/it' in size <5> not available
(Font)              Font shape `OT1/ptm/b/it' tried instead on input line 724.
LaTeX Font Info:    Font shape `OT1/ptm/bx/n' in size <7> not available
(Font)              Font shape `OT1/ptm/b/n' tried instead on input line 724.
LaTeX Font Info:    Font shape `OT1/ptm/bx/it' in size <7> not available
(Font)              Font shape `OT1/ptm/b/it' tried instead on input line 724.
LaTeX Font Info:    Font shape `OT1/ptm/bx/n' in size <8> not available
(Font)              Font shape `OT1/ptm/b/n' tried instead on input line 724.
LaTeX Font Info:    Font shape `OT1/ptm/bx/it' in size <8> not available
(Font)              Font shape `OT1/ptm/b/it' tried instead on input line 724.
LaTeX Font Info:    Font shape `OT1/ptm/bx/n' in size <9> not available
(Font)              Font shape `OT1/ptm/b/n' tried instead on input line 724.
LaTeX Font Info:    Font shape `OT1/ptm/bx/it' in size <9> not available
(Font)              Font shape `OT1/ptm/b/it' tried instead on input line 724.
LaTeX Font Info:    Font shape `OT1/ptm/bx/n' in size <10> not available
(Font)              Font shape `OT1/ptm/b/n' tried instead on input line 724.
LaTeX Font Info:    Font shape `OT1/ptm/bx/it' in size <10> not available
(Font)              Font shape `OT1/ptm/b/it' tried instead on input line 724.
LaTeX Font Info:    Font shape `OT1/ptm/bx/n' in size <11> not available
(Font)              Font shape `OT1/ptm/b/n' tried instead on input line 724.
LaTeX Font Info:    Font shape `OT1/ptm/bx/it' in size <11> not available
(Font)              Font shape `OT1/ptm/b/it' tried instead on input line 724.
LaTeX Font Info:    Font shape `OT1/ptm/bx/n' in size <12> not available
(Font)              Font shape `OT1/ptm/b/n' tried instead on input line 724.
LaTeX Font Info:    Font shape `OT1/ptm/bx/it' in size <12> not available
(Font)              Font shape `OT1/ptm/b/it' tried instead on input line 724.
LaTeX Font Info:    Font shape `OT1/ptm/bx/n' in size <17> not available
(Font)              Font shape `OT1/ptm/b/n' tried instead on input line 724.
LaTeX Font Info:    Font shape `OT1/ptm/bx/it' in size <17> not available
(Font)              Font shape `OT1/ptm/b/it' tried instead on input line 724.
LaTeX Font Info:    Font shape `OT1/ptm/bx/n' in size <20> not available
(Font)              Font shape `OT1/ptm/b/n' tried instead on input line 724.
LaTeX Font Info:    Font shape `OT1/ptm/bx/it' in size <20> not available
(Font)              Font shape `OT1/ptm/b/it' tried instead on input line 724.
LaTeX Font Info:    Font shape `OT1/ptm/bx/n' in size <24> not available
(Font)              Font shape `OT1/ptm/b/n' tried instead on input line 724.
LaTeX Font Info:    Font shape `OT1/ptm/bx/it' in size <24> not available
(Font)              Font shape `OT1/ptm/b/it' tried instead on input line 724.
\IEEEilabelindentA=\dimen108
\IEEEilabelindentB=\dimen109
\IEEEilabelindent=\dimen110
\IEEEelabelindent=\dimen111
\IEEEdlabelindent=\dimen112
\IEEElabelindent=\dimen113
\IEEEiednormlabelsep=\dimen114
\IEEEiedmathlabelsep=\dimen115
\IEEEiedtopsep=\skip41
\c@section=\count82
\c@subsection=\count83
\c@subsubsection=\count84
\c@paragraph=\count85
\c@IEEEsubequation=\count86
\abovecaptionskip=\skip42
\belowcaptionskip=\skip43
\c@figure=\count87
\c@table=\count88
\@IEEEeqnnumcols=\count89
\@IEEEeqncolcnt=\count90
\@IEEEtmpitemindent=\dimen116
\c@IEEEbiography=\count91
\@IEEEtranrubishbin=\box26
)
** ATTENTION: Overriding command lockouts (line 3).
(F:\CTEX\MiKTeX\tex\latex\psnfss\times.sty
Package: times 2005/04/12 PSNFSS-v9.2a (SPQR) 
)
(F:\CTEX\MiKTeX\tex\latex\cite\cite.sty
LaTeX Info: Redefining \cite on input line 302.
LaTeX Info: Redefining \nocite on input line 373.
Package: cite 2010/09/10  v 5.3
)
(F:\CTEX\MiKTeX\tex\latex\graphics\graphicx.sty
Package: graphicx 1999/02/16 v1.0f Enhanced LaTeX Graphics (DPC,SPQR)

(F:\CTEX\MiKTeX\tex\latex\graphics\keyval.sty
Package: keyval 1999/03/16 v1.13 key=value parser (DPC)
\KV@toks@=\toks15
)
(F:\CTEX\MiKTeX\tex\latex\graphics\graphics.sty
Package: graphics 2009/02/05 v1.0o Standard LaTeX Graphics (DPC,SPQR)

(F:\CTEX\MiKTeX\tex\latex\graphics\trig.sty
Package: trig 1999/03/16 v1.09 sin cos tan (DPC)
)
(F:\CTEX\MiKTeX\tex\latex\00miktex\graphics.cfg
File: graphics.cfg 2007/01/18 v1.5 graphics configuration of teTeX/TeXLive
)
Package graphics Info: Driver file: xetex.def on input line 91.

(F:\CTEX\MiKTeX\tex\xelatex\xetex-def\xetex.def
File: xetex.def 2009/11/22 v0.94 LaTeX color/graphics driver for XeTeX (RRM/JK)

))
\Gin@req@height=\dimen117
\Gin@req@width=\dimen118
)
(F:\CTEX\MiKTeX\tex\latex\ams\math\amsmath.sty
Package: amsmath 2000/07/18 v2.13 AMS math features
\@mathmargin=\skip44

For additional information on amsmath, use the `?' option.
(F:\CTEX\MiKTeX\tex\latex\ams\math\amstext.sty
Package: amstext 2000/06/29 v2.01

(F:\CTEX\MiKTeX\tex\latex\ams\math\amsgen.sty
File: amsgen.sty 1999/11/30 v2.0
\@emptytoks=\toks16
\ex@=\dimen119
))
(F:\CTEX\MiKTeX\tex\latex\ams\math\amsbsy.sty
Package: amsbsy 1999/11/29 v1.2d
\pmbraise@=\dimen120
)
(F:\CTEX\MiKTeX\tex\latex\ams\math\amsopn.sty
Package: amsopn 1999/12/14 v2.01 operator names
)
\inf@bad=\count92
LaTeX Info: Redefining \frac on input line 211.
\uproot@=\count93
\leftroot@=\count94
LaTeX Info: Redefining \overline on input line 307.
\classnum@=\count95
\DOTSCASE@=\count96
LaTeX Info: Redefining \ldots on input line 379.
LaTeX Info: Redefining \dots on input line 382.
LaTeX Info: Redefining \cdots on input line 467.
\Mathstrutbox@=\box27
\strutbox@=\box28
\big@size=\dimen121
LaTeX Font Info:    Redeclaring font encoding OML on input line 567.
LaTeX Font Info:    Redeclaring font encoding OMS on input line 568.
\macc@depth=\count97
\c@MaxMatrixCols=\count98
\dotsspace@=\muskip10
\c@parentequation=\count99
\dspbrk@lvl=\count100
\tag@help=\toks17
\row@=\count101
\column@=\count102
\maxfields@=\count103
\andhelp@=\toks18
\eqnshift@=\dimen122
\alignsep@=\dimen123
\tagshift@=\dimen124
\tagwidth@=\dimen125
\totwidth@=\dimen126
\lineht@=\dimen127
\@envbody=\toks19
\multlinegap=\skip45
\multlinetaggap=\skip46
\mathdisplay@stack=\toks20
LaTeX Info: Redefining \[ on input line 2666.
LaTeX Info: Redefining \] on input line 2667.
)
(F:\CTEX\MiKTeX\tex\latex\graphics\epsfig.sty
Package: epsfig 1999/02/16 v1.7a (e)psfig emulation (SPQR)
\epsfxsize=\dimen128
\epsfysize=\dimen129
)
(F:\CTEX\MiKTeX\tex\latex\base\latexsym.sty
Package: latexsym 1998/08/17 v2.2e Standard LaTeX package (lasy symbols)
\symlasy=\mathgroup4
LaTeX Font Info:    Overwriting symbol font `lasy' in version `bold'
(Font)                  U/lasy/m/n --> U/lasy/b/n on input line 47.
)
(F:\CTEX\MiKTeX\tex\latex\amsfonts\amsfonts.sty
Package: amsfonts 2009/06/22 v3.00 Basic AMSFonts support
\symAMSa=\mathgroup5
\symAMSb=\mathgroup6
LaTeX Font Info:    Overwriting math alphabet `\mathfrak' in version `bold'
(Font)                  U/euf/m/n --> U/euf/b/n on input line 96.
)
(F:\CTEX\MiKTeX\tex\latex\amsfonts\amssymb.sty
Package: amssymb 2009/06/22 v3.00
)
(F:\CTEX\MiKTeX\tex\latex\algorithms\algorithmic.sty
Invalid UTF-8 byte or sequence at line 11 replaced by U+FFFD.
Package: algorithmic 2009/08/24 v0.1 Document Style `algorithmic'

(F:\CTEX\MiKTeX\tex\latex\base\ifthen.sty
Package: ifthen 2001/05/26 v1.1c Standard LaTeX ifthen package (DPC)
)
\c@ALC@unique=\count104
\c@ALC@line=\count105
\c@ALC@rem=\count106
\c@ALC@depth=\count107
\ALC@tlm=\skip47
\algorithmicindent=\skip48
)
(F:\CTEX\MiKTeX\tex\latex\algorithms\algorithm.sty
Invalid UTF-8 byte or sequence at line 11 replaced by U+FFFD.
Package: algorithm 2009/08/24 v0.1 Document Style `algorithm' - floating enviro
nment

(F:\CTEX\MiKTeX\tex\latex\float\float.sty
Package: float 2001/11/08 v1.3d Float enhancements (AL)
\c@float@type=\count108
\float@exts=\toks21
\float@box=\box29
\@float@everytoks=\toks22
\@floatcapt=\box30
)
\@float@every@algorithm=\toks23
\c@algorithm=\count109
)
(F:\CTEX\MiKTeX\tex\latex\paralist\paralist.sty
Package: paralist 2002/03/18 v2.3b Extended list environments (BS)
\pltopsep=\skip49
\plpartopsep=\skip50
\plitemsep=\skip51
\plparsep=\skip52
\pl@lab=\toks24
)
\c@Lemma=\count110
\c@definition=\count111
\c@Theorem=\count112


LaTeX Warning: Unused global option(s):
    [compsocconf].


(C:\Users\lemon\Desktop\MAB\paper\Final-Version-Throwbox-Globecom14\throwbox-gl
ovecom14-v6.aux)
LaTeX Font Info:    Checking defaults for OML/cmm/m/it on input line 23.
LaTeX Font Info:    ... okay on input line 23.
LaTeX Font Info:    Checking defaults for T1/cmr/m/n on input line 23.
LaTeX Font Info:    ... okay on input line 23.
LaTeX Font Info:    Checking defaults for OT1/cmr/m/n on input line 23.
LaTeX Font Info:    ... okay on input line 23.
LaTeX Font Info:    Checking defaults for OMS/cmsy/m/n on input line 23.
LaTeX Font Info:    ... okay on input line 23.
LaTeX Font Info:    Checking defaults for OMX/cmex/m/n on input line 23.
LaTeX Font Info:    ... okay on input line 23.
LaTeX Font Info:    Checking defaults for U/cmr/m/n on input line 23.
LaTeX Font Info:    ... okay on input line 23.
LaTeX Font Info:    Calculating math sizes for size <24> on input line 44.
LaTeX Font Info:    Try loading font information for U+lasy on input line 44.
 (F:\CTEX\MiKTeX\tex\latex\base\ulasy.fd
File: ulasy.fd 1998/08/17 v2.2e LaTeX symbol font definitions
)
LaTeX Font Info:    Try loading font information for U+msa on input line 44.

(F:\CTEX\MiKTeX\tex\latex\amsfonts\umsa.fd
File: umsa.fd 2009/06/22 v3.00 AMS symbols A
)
LaTeX Font Info:    Try loading font information for U+msb on input line 44.

(F:\CTEX\MiKTeX\tex\latex\amsfonts\umsb.fd
File: umsb.fd 2009/06/22 v3.00 AMS symbols B
)
** ATTENTION: \authorrefmark is deprecated (line 44). Use \IEEEauthorrefmark in
stead.
LaTeX Font Info:    Calculating math sizes for size <11> on input line 44.
** ATTENTION: \authorrefmark is deprecated (line 44). Use \IEEEauthorrefmark in
stead.
** ATTENTION: \authorrefmark is deprecated (line 44). Use \IEEEauthorrefmark in
stead.
** ATTENTION: \authorrefmark is deprecated (line 44). Use \IEEEauthorrefmark in
stead.
** ATTENTION: \authorrefmark is deprecated (line 44). Use \IEEEauthorrefmark in
stead.
** ATTENTION: \authorrefmark is deprecated (line 44). Use \IEEEauthorrefmark in
stead.
** ATTENTION: \authorrefmark is deprecated (line 44). Use \IEEEauthorrefmark in
stead.
** ATTENTION: \authorrefmark is deprecated (line 44). Use \IEEEauthorrefmark in
stead.
** ATTENTION: \authorrefmark is deprecated (line 44). Use \IEEEauthorrefmark in
stead.
** ATTENTION: \authorrefmark is deprecated (line 44). Use \IEEEauthorrefmark in
stead.
** ATTENTION: \authorrefmark is deprecated (line 44). Use \IEEEauthorrefmark in
stead.
** ATTENTION: \authorrefmark is deprecated (line 44). Use \IEEEauthorrefmark in
stead.
** ATTENTION: \authorrefmark is deprecated (line 44). Use \IEEEauthorrefmark in
stead.
** ATTENTION: \authorrefmark is deprecated (line 44). Use \IEEEauthorrefmark in
stead.
** ATTENTION: \authorrefmark is deprecated (line 44). Use \IEEEauthorrefmark in
stead.
** ATTENTION: \authorrefmark is deprecated (line 44). Use \IEEEauthorrefmark in
stead.
** ATTENTION: \authorrefmark is deprecated (line 44). Use \IEEEauthorrefmark in
stead.
** ATTENTION: \authorrefmark is deprecated (line 44). Use \IEEEauthorrefmark in
stead.
** ATTENTION: \authorrefmark is deprecated (line 44). Use \IEEEauthorrefmark in
stead.
** ATTENTION: \authorrefmark is deprecated (line 44). Use \IEEEauthorrefmark in
stead.
[1


]
File: fig/999.eps Graphic file (type eps)
 <fig/999.eps>
File: fig/77.eps Graphic file (type eps)
 <fig/77.eps>
File: fig/8.eps Graphic file (type eps)
 <fig/8.eps> [2]
** ATTENTION: \proof is deprecated (line 236). Use \IEEEproof instead.
[3]
Underfull \hbox (badness 2065) in paragraph at lines 338--339
[]\OT1/ptm/m/n/10 For a non-negative, mono-tone sub-mod-u-lar
 []


Underfull \hbox (badness 10000) in paragraph at lines 355--356
[]\OT1/ptm/b/n/10 GrdAdd(Del)TBs-Ra: \OT1/ptm/m/n/10 greedy al-go-rithm-s ran-d
om-ly
 []

[4]
Invalid UTF-8 byte or sequence at line 372 replaced by U+FFFD.
Invalid UTF-8 byte or sequence at line 372 replaced by U+FFFD.
Invalid UTF-8 byte or sequence at line 372 replaced by U+FFFD.
Invalid UTF-8 byte or sequence at line 372 replaced by U+FFFD.
Invalid UTF-8 byte or sequence at line 372 replaced by U+FFFD.
Invalid UTF-8 byte or sequence at line 372 replaced by U+FFFD.
Invalid UTF-8 byte or sequence at line 372 replaced by U+FFFD.
Invalid UTF-8 byte or sequence at line 372 replaced by U+FFFD.
File: throwboxes_reliability_random_20.eps Graphic file (type eps)
 <throwboxes_reliability_random_20.eps>
Invalid UTF-8 byte or sequence at line 372 replaced by U+FFFD.
Invalid UTF-8 byte or sequence at line 372 replaced by U+FFFD.
Invalid UTF-8 byte or sequence at line 372 replaced by U+FFFD.
Invalid UTF-8 byte or sequence at line 372 replaced by U+FFFD.
Invalid UTF-8 byte or sequence at line 372 replaced by U+FFFD.
Invalid UTF-8 byte or sequence at line 372 replaced by U+FFFD.
Invalid UTF-8 byte or sequence at line 372 replaced by U+FFFD.
Invalid UTF-8 byte or sequence at line 372 replaced by U+FFFD.
Invalid UTF-8 byte or sequence at line 372 replaced by U+FFFD.
Invalid UTF-8 byte or sequence at line 372 replaced by U+FFFD.
Invalid UTF-8 byte or sequence at line 372 replaced by U+FFFD.
Invalid UTF-8 byte or sequence at line 372 replaced by U+FFFD.
Invalid UTF-8 byte or sequence at line 372 replaced by U+FFFD.
Invalid UTF-8 byte or sequence at line 372 replaced by U+FFFD.
Invalid UTF-8 byte or sequence at line 372 replaced by U+FFFD.
Invalid UTF-8 byte or sequence at line 372 replaced by U+FFFD.
Invalid UTF-8 byte or sequence at line 372 replaced by U+FFFD.
Invalid UTF-8 byte or sequence at line 372 replaced by U+FFFD.
File: throwboxes_time_random_20.eps Graphic file (type eps)
 <throwboxes_time_random_20.eps>
Invalid UTF-8 byte or sequence at line 383 replaced by U+FFFD.
Invalid UTF-8 byte or sequence at line 383 replaced by U+FFFD.
Invalid UTF-8 byte or sequence at line 383 replaced by U+FFFD.
Invalid UTF-8 byte or sequence at line 383 replaced by U+FFFD.
Invalid UTF-8 byte or sequence at line 383 replaced by U+FFFD.
Invalid UTF-8 byte or sequence at line 383 replaced by U+FFFD.
Invalid UTF-8 byte or sequence at line 383 replaced by U+FFFD.
Invalid UTF-8 byte or sequence at line 383 replaced by U+FFFD.
File: throwboxes_reliability_random_50.eps Graphic file (type eps)

<throwboxes_reliability_random_50.eps>
Invalid UTF-8 byte or sequence at line 383 replaced by U+FFFD.
Invalid UTF-8 byte or sequence at line 383 replaced by U+FFFD.
Invalid UTF-8 byte or sequence at line 383 replaced by U+FFFD.
Invalid UTF-8 byte or sequence at line 383 replaced by U+FFFD.
Invalid UTF-8 byte or sequence at line 383 replaced by U+FFFD.
Invalid UTF-8 byte or sequence at line 383 replaced by U+FFFD.
Invalid UTF-8 byte or sequence at line 383 replaced by U+FFFD.
Invalid UTF-8 byte or sequence at line 383 replaced by U+FFFD.
Invalid UTF-8 byte or sequence at line 383 replaced by U+FFFD.
Invalid UTF-8 byte or sequence at line 383 replaced by U+FFFD.
Invalid UTF-8 byte or sequence at line 383 replaced by U+FFFD.
Invalid UTF-8 byte or sequence at line 383 replaced by U+FFFD.
File: throwboxes_time_random_50.eps Graphic file (type eps)
 <throwboxes_time_random_50.eps>
Invalid UTF-8 byte or sequence at line 394 replaced by U+FFFD.
Invalid UTF-8 byte or sequence at line 394 replaced by U+FFFD.
Invalid UTF-8 byte or sequence at line 394 replaced by U+FFFD.
Invalid UTF-8 byte or sequence at line 394 replaced by U+FFFD.
Invalid UTF-8 byte or sequence at line 394 replaced by U+FFFD.
Invalid UTF-8 byte or sequence at line 394 replaced by U+FFFD.
Invalid UTF-8 byte or sequence at line 394 replaced by U+FFFD.
Invalid UTF-8 byte or sequence at line 394 replaced by U+FFFD.
File: throwboxes_reliability_infocom.eps Graphic file (type eps)

<throwboxes_reliability_infocom.eps>
Invalid UTF-8 byte or sequence at line 394 replaced by U+FFFD.
Invalid UTF-8 byte or sequence at line 394 replaced by U+FFFD.
Invalid UTF-8 byte or sequence at line 394 replaced by U+FFFD.
Invalid UTF-8 byte or sequence at line 394 replaced by U+FFFD.
Invalid UTF-8 byte or sequence at line 394 replaced by U+FFFD.
Invalid UTF-8 byte or sequence at line 394 replaced by U+FFFD.
Invalid UTF-8 byte or sequence at line 394 replaced by U+FFFD.
Invalid UTF-8 byte or sequence at line 394 replaced by U+FFFD.
Invalid UTF-8 byte or sequence at line 394 replaced by U+FFFD.
Invalid UTF-8 byte or sequence at line 394 replaced by U+FFFD.
Invalid UTF-8 byte or sequence at line 394 replaced by U+FFFD.
Invalid UTF-8 byte or sequence at line 394 replaced by U+FFFD.
File: throwboxes_time_infocom.eps Graphic file (type eps)
 <throwboxes_time_infocom.eps>
LaTeX Font Info:    Try loading font information for OT1+phv on input line 412.


(F:\CTEX\MiKTeX\tex\latex\psnfss\ot1phv.fd
File: ot1phv.fd 2001/06/04 scalable font definitions for OT1/phv.
)
Underfull \vbox (badness 4378) has occurred while \output is active []

 [5]
Invalid UTF-8 byte or sequence at line 418 replaced by U+FFFD.
Invalid UTF-8 byte or sequence at line 418 replaced by U+FFFD.
Invalid UTF-8 byte or sequence at line 418 replaced by U+FFFD.
Invalid UTF-8 byte or sequence at line 418 replaced by U+FFFD.
Invalid UTF-8 byte or sequence at line 418 replaced by U+FFFD.
Invalid UTF-8 byte or sequence at line 418 replaced by U+FFFD.
Invalid UTF-8 byte or sequence at line 418 replaced by U+FFFD.
Invalid UTF-8 byte or sequence at line 418 replaced by U+FFFD.
File: throwboxes_reliability_infocom_mobile.eps Graphic file (type eps)

<throwboxes_reliability_infocom_mobile.eps>
Invalid UTF-8 byte or sequence at line 429 replaced by U+FFFD.
Invalid UTF-8 byte or sequence at line 429 replaced by U+FFFD.
Invalid UTF-8 byte or sequence at line 429 replaced by U+FFFD.
Invalid UTF-8 byte or sequence at line 429 replaced by U+FFFD.
Invalid UTF-8 byte or sequence at line 429 replaced by U+FFFD.
Invalid UTF-8 byte or sequence at line 429 replaced by U+FFFD.
Invalid UTF-8 byte or sequence at line 429 replaced by U+FFFD.
Invalid UTF-8 byte or sequence at line 429 replaced by U+FFFD.
File: throwboxes_reliability_no_memory_random_20.eps Graphic file (type eps)

<throwboxes_reliability_no_memory_random_20.eps>

** Conference Paper **
Before submitting the final camera ready copy, remember to:

 1. Manually equalize the lengths of two columns on the last page
 of your paper;

 2. Ensure that any PostScript and/or PDF output post-processing
 uses only Type 1 fonts and that every step in the generation
 process uses the appropriate paper size.

[6]
(C:\Users\lemon\Desktop\MAB\paper\Final-Version-Throwbox-Globecom14\throwbox-gl
ovecom14-v6.aux) ) 
Here is how much of TeX's memory you used:
 2884 strings out of 430486
 38841 string characters out of 3191695
 96519 words of memory out of 3000000
 5976 multiletter control sequences out of 15000+200000
 41345 words of font info for 123 fonts, out of 3000000 for 9000
 14 hyphenation exceptions out of 8191
 32i,14n,25p,2177b,393s stack positions out of 5000i,500n,10000p,200000b,50000s

Output written on throwbox-glovecom14-v6.pdf (6 pages).
