This is XeTeX, Version 3.1415926-2.2-0.9997.4 (MiKTeX 2.9) (preloaded format=xelatex 2016.4.7)  11 MAY 2016 22:38
entering extended mode
**MAB_for_Task_allocation.tex

(C:\Users\lemon\Desktop\MABForTA\MABPaper\paper\MAB_For_Task_Allocation_v1.0\MA
B_for_Task_allocation.tex
LaTeX2e <2009/09/24>
Babel <v3.8l> and hyphenation patterns for loaded.

(C:\Users\lemon\Desktop\MABForTA\MABPaper\paper\MAB_For_Task_Allocation_v1.0\IE
EEtran.cls
Document Class: IEEEtran 2014/09/17 V1.8a by Michael Shell
-- See the "IEEEtran_HOWTO" manual for usage information.
-- http://www.michaelshell.org/tex/ieeetran/
\@IEEEtrantmpdimenA=\dimen102
\@IEEEtrantmpdimenB=\dimen103
\@IEEEtrantmpdimenC=\dimen104
\@IEEEtrantmpcountA=\count80
\@IEEEtrantmpcountB=\count81
\@IEEEtrantmpcountC=\count82
\@IEEEtrantmptoksA=\toks14
-- Using IEEE Computer Society mode.
LaTeX Font Info:    Try loading font information for OT1+ppl on input line 458.

(F:\CTEX\MiKTeX\tex\latex\psnfss\ot1ppl.fd
File: ot1ppl.fd 2001/06/04 font definitions for OT1/ppl.
)
-- Using 8.5in x 11in (letter) paper.
-- Using DVI output.
\@IEEEnormalsizeunitybaselineskip=\dimen105
-- This is a 10 point document.
\CLASSINFOnormalsizebaselineskip=\dimen106
\CLASSINFOnormalsizeunitybaselineskip=\dimen107
\IEEEnormaljot=\dimen108
LaTeX Font Info:    Font shape `OT1/ppl/bx/n' in size <5.01874> not available
(Font)              Font shape `OT1/ppl/b/n' tried instead on input line 1039.
LaTeX Font Info:    Font shape `OT1/ppl/bx/it' in size <5.01874> not available
(Font)              Font shape `OT1/ppl/b/it' tried instead on input line 1039.

LaTeX Font Info:    Font shape `OT1/ppl/bx/n' in size <7.02625> not available
(Font)              Font shape `OT1/ppl/b/n' tried instead on input line 1039.
LaTeX Font Info:    Font shape `OT1/ppl/bx/it' in size <7.02625> not available
(Font)              Font shape `OT1/ppl/b/it' tried instead on input line 1039.

LaTeX Font Info:    Font shape `OT1/ppl/bx/n' in size <8.03> not available
(Font)              Font shape `OT1/ppl/b/n' tried instead on input line 1039.
LaTeX Font Info:    Font shape `OT1/ppl/bx/it' in size <8.03> not available
(Font)              Font shape `OT1/ppl/b/it' tried instead on input line 1039.

LaTeX Font Info:    Font shape `OT1/ppl/bx/n' in size <9.03374> not available
(Font)              Font shape `OT1/ppl/b/n' tried instead on input line 1039.
LaTeX Font Info:    Font shape `OT1/ppl/bx/it' in size <9.03374> not available
(Font)              Font shape `OT1/ppl/b/it' tried instead on input line 1039.

LaTeX Font Info:    Font shape `OT1/ppl/bx/n' in size <9.53561> not available
(Font)              Font shape `OT1/ppl/b/n' tried instead on input line 1039.
LaTeX Font Info:    Font shape `OT1/ppl/bx/it' in size <9.53561> not available
(Font)              Font shape `OT1/ppl/b/it' tried instead on input line 1039.

LaTeX Font Info:    Font shape `OT1/ppl/bx/n' in size <11.04124> not available
(Font)              Font shape `OT1/ppl/b/n' tried instead on input line 1039.
LaTeX Font Info:    Font shape `OT1/ppl/bx/it' in size <11.04124> not available

(Font)              Font shape `OT1/ppl/b/it' tried instead on input line 1039.

LaTeX Font Info:    Font shape `OT1/ppl/bx/n' in size <12.045> not available
(Font)              Font shape `OT1/ppl/b/n' tried instead on input line 1039.
LaTeX Font Info:    Font shape `OT1/ppl/bx/it' in size <12.045> not available
(Font)              Font shape `OT1/ppl/b/it' tried instead on input line 1039.

LaTeX Font Info:    Font shape `OT1/ppl/bx/n' in size <17.06374> not available
(Font)              Font shape `OT1/ppl/b/n' tried instead on input line 1039.
LaTeX Font Info:    Font shape `OT1/ppl/bx/it' in size <17.06374> not available

(Font)              Font shape `OT1/ppl/b/it' tried instead on input line 1039.

LaTeX Font Info:    Font shape `OT1/ppl/bx/n' in size <20.075> not available
(Font)              Font shape `OT1/ppl/b/n' tried instead on input line 1039.
LaTeX Font Info:    Font shape `OT1/ppl/bx/it' in size <20.075> not available
(Font)              Font shape `OT1/ppl/b/it' tried instead on input line 1039.

LaTeX Font Info:    Font shape `OT1/ppl/bx/n' in size <24.09> not available
(Font)              Font shape `OT1/ppl/b/n' tried instead on input line 1039.
LaTeX Font Info:    Font shape `OT1/ppl/bx/it' in size <24.09> not available
(Font)              Font shape `OT1/ppl/b/it' tried instead on input line 1039.

\IEEEquantizedlength=\dimen109
\IEEEquantizedlengthdiff=\dimen110
\IEEEquantizedtextheightdiff=\dimen111
\IEEEilabelindentA=\dimen112
\IEEEilabelindentB=\dimen113
\IEEEilabelindent=\dimen114
\IEEEelabelindent=\dimen115
\IEEEdlabelindent=\dimen116
\IEEElabelindent=\dimen117
\IEEEiednormlabelsep=\dimen118
\IEEEiedmathlabelsep=\dimen119
\IEEEiedtopsep=\skip41
\c@section=\count83
\c@subsection=\count84
\c@subsubsection=\count85
\c@paragraph=\count86
\c@IEEEsubequation=\count87
\abovecaptionskip=\skip42
\belowcaptionskip=\skip43
\c@figure=\count88
\c@table=\count89
\@IEEEeqnnumcols=\count90
\@IEEEeqncolcnt=\count91
\@IEEEsubeqnnumrollback=\count92
\@IEEEquantizeheightA=\dimen120
\@IEEEquantizeheightB=\dimen121
\@IEEEquantizeheightC=\dimen122
\@IEEEquantizeprevdepth=\dimen123
\@IEEEquantizemultiple=\count93
\@IEEEquantizeboxA=\box26
\@IEEEtmpitemindent=\dimen124
\c@IEEEbiography=\count94
\@IEEEtranrubishbin=\box27
) (F:\CTEX\MiKTeX\tex\latex\graphics\graphicx.sty
Package: graphicx 1999/02/16 v1.0f Enhanced LaTeX Graphics (DPC,SPQR)

(F:\CTEX\MiKTeX\tex\latex\graphics\keyval.sty
Package: keyval 1999/03/16 v1.13 key=value parser (DPC)
\KV@toks@=\toks15
)
(F:\CTEX\MiKTeX\tex\latex\graphics\graphics.sty
Package: graphics 2009/02/05 v1.0o Standard LaTeX Graphics (DPC,SPQR)

(F:\CTEX\MiKTeX\tex\latex\graphics\trig.sty
Package: trig 1999/03/16 v1.09 sin cos tan (DPC)
)
(F:\CTEX\MiKTeX\tex\latex\00miktex\graphics.cfg
File: graphics.cfg 2007/01/18 v1.5 graphics configuration of teTeX/TeXLive
)
Package graphics Info: Driver file: xetex.def on input line 91.

(F:\CTEX\MiKTeX\tex\xelatex\xetex-def\xetex.def
File: xetex.def 2009/11/22 v0.94 LaTeX color/graphics driver for XeTeX (RRM/JK)

))
\Gin@req@height=\dimen125
\Gin@req@width=\dimen126
)
(F:\CTEX\MiKTeX\tex\latex\ams\math\amsmath.sty
Package: amsmath 2000/07/18 v2.13 AMS math features
\@mathmargin=\skip44

For additional information on amsmath, use the `?' option.
(F:\CTEX\MiKTeX\tex\latex\ams\math\amstext.sty
Package: amstext 2000/06/29 v2.01

(F:\CTEX\MiKTeX\tex\latex\ams\math\amsgen.sty
File: amsgen.sty 1999/11/30 v2.0
\@emptytoks=\toks16
\ex@=\dimen127
))
(F:\CTEX\MiKTeX\tex\latex\ams\math\amsbsy.sty
Package: amsbsy 1999/11/29 v1.2d
\pmbraise@=\dimen128
)
(F:\CTEX\MiKTeX\tex\latex\ams\math\amsopn.sty
Package: amsopn 1999/12/14 v2.01 operator names
)
\inf@bad=\count95
LaTeX Info: Redefining \frac on input line 211.
\uproot@=\count96
\leftroot@=\count97
LaTeX Info: Redefining \overline on input line 307.
\classnum@=\count98
\DOTSCASE@=\count99
LaTeX Info: Redefining \ldots on input line 379.
LaTeX Info: Redefining \dots on input line 382.
LaTeX Info: Redefining \cdots on input line 467.
\Mathstrutbox@=\box28
\strutbox@=\box29
\big@size=\dimen129
LaTeX Font Info:    Redeclaring font encoding OML on input line 567.
LaTeX Font Info:    Redeclaring font encoding OMS on input line 568.
\macc@depth=\count100
\c@MaxMatrixCols=\count101
\dotsspace@=\muskip10
\c@parentequation=\count102
\dspbrk@lvl=\count103
\tag@help=\toks17
\row@=\count104
\column@=\count105
\maxfields@=\count106
\andhelp@=\toks18
\eqnshift@=\dimen130
\alignsep@=\dimen131
\tagshift@=\dimen132
\tagwidth@=\dimen133
\totwidth@=\dimen134
\lineht@=\dimen135
\@envbody=\toks19
\multlinegap=\skip45
\multlinetaggap=\skip46
\mathdisplay@stack=\toks20
LaTeX Info: Redefining \[ on input line 2666.
LaTeX Info: Redefining \] on input line 2667.
)
(F:\CTEX\MiKTeX\tex\latex\graphics\epsfig.sty
Package: epsfig 1999/02/16 v1.7a (e)psfig emulation (SPQR)
\epsfxsize=\dimen136
\epsfysize=\dimen137
)
(F:\CTEX\MiKTeX\tex\latex\base\latexsym.sty
Package: latexsym 1998/08/17 v2.2e Standard LaTeX package (lasy symbols)
\symlasy=\mathgroup4
LaTeX Font Info:    Overwriting symbol font `lasy' in version `bold'
(Font)                  U/lasy/m/n --> U/lasy/b/n on input line 47.
)
(F:\CTEX\MiKTeX\tex\latex\amsfonts\amsfonts.sty
Package: amsfonts 2009/06/22 v3.00 Basic AMSFonts support
\symAMSa=\mathgroup5
\symAMSb=\mathgroup6
LaTeX Font Info:    Overwriting math alphabet `\mathfrak' in version `bold'
(Font)                  U/euf/m/n --> U/euf/b/n on input line 96.
)
(F:\CTEX\MiKTeX\tex\latex\amsfonts\amssymb.sty
Package: amssymb 2009/06/22 v3.00
)
(F:\CTEX\MiKTeX\tex\latex\algorithms\algorithmic.sty
Invalid UTF-8 byte or sequence at line 11 replaced by U+FFFD.
Package: algorithmic 2009/08/24 v0.1 Document Style `algorithmic'

(F:\CTEX\MiKTeX\tex\latex\base\ifthen.sty
Package: ifthen 2001/05/26 v1.1c Standard LaTeX ifthen package (DPC)
)
\c@ALC@unique=\count107
\c@ALC@line=\count108
\c@ALC@rem=\count109
\c@ALC@depth=\count110
\ALC@tlm=\skip47
\algorithmicindent=\skip48
)
(F:\CTEX\MiKTeX\tex\latex\algorithms\algorithm.sty
Invalid UTF-8 byte or sequence at line 11 replaced by U+FFFD.
Package: algorithm 2009/08/24 v0.1 Document Style `algorithm' - floating enviro
nment

(F:\CTEX\MiKTeX\tex\latex\float\float.sty
Package: float 2001/11/08 v1.3d Float enhancements (AL)
\c@float@type=\count111
\float@exts=\toks21
\float@box=\box30
\@float@everytoks=\toks22
\@floatcapt=\box31
)
\@float@every@algorithm=\toks23
\c@algorithm=\count112
)
(F:\CTEX\MiKTeX\tex\latex\paralist\paralist.sty
Package: paralist 2002/03/18 v2.3b Extended list environments (BS)
\pltopsep=\skip49
\plpartopsep=\skip50
\plitemsep=\skip51
\plparsep=\skip52
\pl@lab=\toks24
)
(F:\CTEX\MiKTeX\tex\latex\caption\caption.sty
Package: caption 2010/01/09 v3.1m Customizing captions (AR)

(F:\CTEX\MiKTeX\tex\latex\caption\caption3.sty
Package: caption3 2010/01/14 v3.1m caption3 kernel (AR)
\captionmargin=\dimen138
\captionmargin@=\dimen139
\captionwidth=\dimen140
\caption@indent=\dimen141
\caption@parindent=\dimen142
\caption@hangindent=\dimen143
Package caption Info: Unknown document class (or package),
(caption)             standard defaults will be used on input line 1084.
)

Package caption Warning: Unsupported document class (or package) detected,
(caption)                usage of the caption package is not recommended.
See the caption package documentation for explanation.

Package caption Info: \@makecaption = \long macro:#1#2->\ifx \@captype \@IEEEta
blestring \footnotesize \bgroup \par \centering \@IEEEtabletopskipstrut {\norma
lfont \sffamily \footnotesize #1}\\{\normalfont \sffamily \footnotesize #2}\par
 \addvspace {0.5\baselineskip }\egroup \@IEEEtablecaptionsepspace \else \@IEEEf
igurecaptionsepspace \setbox \@tempboxa \hbox {\normalfont \sffamily \footnotes
ize {#1.}\nobreakspace #2}\ifdim \wd \@tempboxa >\hsize \setbox \@tempboxa \hbo
x {\normalfont \sffamily \footnotesize {#1.}\nobreakspace }\parbox [t]{\hsize }
{\normalfont \sffamily \footnotesize \noindent \unhbox \@tempboxa #2}\else \hbo
x to\hsize {\normalfont \sffamily \footnotesize \box \@tempboxa \hfil }\fi \fi 
.
\c@ContinuedFloat=\count113
Package caption Info: float package is loaded.
)
\c@Lemma=\count114
\c@definition=\count115
\c@Theorem=\count116
Invalid UTF-8 byte or sequence at line 29 replaced by U+FFFD.
Invalid UTF-8 byte or sequence at line 29 replaced by U+FFFD.
Invalid UTF-8 byte or sequence at line 29 replaced by U+FFFD.
 (F:\CTEX\MiKTeX\tex\latex\tools\indentfirst.sty
Package: indentfirst 1995/11/23 v1.03 Indent first paragraph (DPC)
)
(F:\CTEX\MiKTeX\tex\latex\booktabs\booktabs.sty
Package: booktabs 2005/04/14 v1.61803 publication quality tables
\heavyrulewidth=\dimen144
\lightrulewidth=\dimen145
\cmidrulewidth=\dimen146
\belowrulesep=\dimen147
\belowbottomsep=\dimen148
\aboverulesep=\dimen149
\abovetopsep=\dimen150
\cmidrulesep=\dimen151
\cmidrulekern=\dimen152
\defaultaddspace=\dimen153
\@cmidla=\count117
\@cmidlb=\count118
\@aboverulesep=\dimen154
\@belowrulesep=\dimen155
\@thisruleclass=\count119
\@lastruleclass=\count120
\@thisrulewidth=\dimen156
)
\c@myDef=\count121
Invalid UTF-8 byte or sequence at line 36 replaced by U+FFFD.
Invalid UTF-8 byte or sequence at line 36 replaced by U+FFFD.
Invalid UTF-8 byte or sequence at line 36 replaced by U+FFFD.
Invalid UTF-8 byte or sequence at line 36 replaced by U+FFFD.
\c@myTheo=\count122

(F:\CTEX\CTeX\tex\xelatex\xecjk\xeCJK.sty
Package: xeCJK 2010/11/20 2.3.17 package for typesetting CJK scripts with XeLaT
eX

(F:\CTEX\MiKTeX\tex\generic\ifxetex\ifxetex.sty
Package: ifxetex 2010/09/12 v0.6 Provides ifxetex conditional
)
(F:\CTEX\MiKTeX\tex\latex\fontspec\fontspec.sty
Package: fontspec 2010/11/17 v2.1e Advanced font selection for XeLaTeX/LuaLaTeX


(F:\CTEX\MiKTeX\tex\latex\expl3\expl3.sty
(F:\CTEX\MiKTeX\tex\latex\expl3\l3names.sty
Package: l3names 2010/10/03 v2064 L3 Experimental Naming Scheme for TeX Primiti
ves
)
Package: expl3 2010/11/13 v2083 L3 Experimental code bundle wrapper

(F:\CTEX\MiKTeX\tex\latex\misc\etex.sty
Package: etex 1998/03/26 v2.0 eTeX basic definition package (PEB)
\et@xins=\count123
)
(F:\CTEX\MiKTeX\tex\latex\expl3\l3basics.sty
Package: l3basics 2010/10/03 v2063 L3 Experimental basic definitions
)
(F:\CTEX\MiKTeX\tex\latex\expl3\l3expan.sty
Package: l3expan 2010/09/20 v2037 L3 Experimental Argument Expansion module
)
(F:\CTEX\MiKTeX\tex\latex\expl3\l3tl.sty
Package: l3tl 2010/11/17 v2084 L3 Experimental Token Lists
)
(F:\CTEX\MiKTeX\tex\latex\expl3\l3int.sty
Package: l3int 2010/10/17 v2077 L3 Experimental Integer module
\l_tmpa_int=\count124
\l_tmpb_int=\count125
\l_tmpc_int=\count126
\g_tmpa_int=\count127
\g_tmpb_int=\count128
\c_max_int=\count129
\g_tl_inline_level_int=\count130
)
(F:\CTEX\MiKTeX\tex\latex\expl3\l3quark.sty
Package: l3quark 2010/09/20 v2036 L3 Experimental Quark Commands
)
(F:\CTEX\MiKTeX\tex\latex\expl3\l3seq.sty
Package: l3seq 2010/03/29 v1879 L3 Experimental sequences and stacks
)
(F:\CTEX\MiKTeX\tex\latex\expl3\l3toks.sty
Package: l3toks 2010/09/20 v2037 L3 Experimental Token Registers
\l_tmpb_toks=\toks25
\l_tmpc_toks=\toks26
\g_tmpa_toks=\toks27
\g_tmpb_toks=\toks28
\g_tmpc_toks=\toks29
\c_empty_toks=\toks30
\l_tl_replace_toks=\toks31
)
(F:\CTEX\MiKTeX\tex\latex\expl3\l3prg.sty
Package: l3prg 2010/10/03 v2063 L3 Experimental control structures
\g_prg_inline_level_int=\count131
)
(F:\CTEX\MiKTeX\tex\latex\expl3\l3clist.sty
Package: l3clist 2010/10/09 v2071 L3 Experimental comma separated lists
\g_clist_map_inline_int=\count132
)
(F:\CTEX\MiKTeX\tex\latex\expl3\l3token.sty
Package: l3token 2010/10/03 v2063 L3 Experimental token investigation and manip
ulation
)
(F:\CTEX\MiKTeX\tex\latex\expl3\l3prop.sty
Package: l3prop 2010/11/23 v2087 L3 Experimental Property Lists
\g_prop_inline_level_int=\count133
)
(F:\CTEX\MiKTeX\tex\latex\expl3\l3msg.sty
Package: l3msg 2010/10/02 v2052 L3 Experimental LaTeX Messages module
\l_msg_redirect_classes_prop=\toks32
\l_msg_redirect_names_prop=\toks33
\l_msg_redirect_fatal_prop=\toks34
\l_msg_redirect_error_prop=\toks35
\l_msg_redirect_warning_prop=\toks36
\l_msg_redirect_info_prop=\toks37
\l_msg_redirect_log_prop=\toks38
\l_msg_redirect_trace_prop=\toks39
\l_msg_redirect_none_prop=\toks40
)
(F:\CTEX\MiKTeX\tex\latex\expl3\l3io.sty
Package: l3io 2010/10/03 v2063 L3 Experimental i/o module
\g_iow_streams_prop=\toks41
\g_ior_streams_prop=\toks42
\l_iow_stream_int=\count134
)
(F:\CTEX\MiKTeX\tex\latex\expl3\l3skip.sty
Package: l3skip 2010/11/23 v2088 L3 Experimental skip registers
\l_tmpa_skip=\skip53
\l_tmpb_skip=\skip54
\l_tmpc_skip=\skip55
\g_tmpa_skip=\skip56
\g_tmpb_skip=\skip57
\l_tmpa_dim=\dimen157
\l_tmpb_dim=\dimen158
\l_tmpc_dim=\dimen159
\l_tmpd_dim=\dimen160
\g_tmpa_dim=\dimen161
\g_tmpb_dim=\dimen162
)
(F:\CTEX\MiKTeX\tex\latex\expl3\l3box.sty
Package: l3box 2010/09/26 v2048 L3 Experimental Box module
\l_tmpb_box=\box32
)
(F:\CTEX\MiKTeX\tex\latex\expl3\l3keyval.sty
Package: l3keyval 2010/04/11 v1890 L3 Experimental keyval processing
\l_KV_level_int=\count135
)
(F:\CTEX\MiKTeX\tex\latex\expl3\l3keys.sty
Package: l3keys 2010/11/11 v2082 L3 Experimental key-value support
\l_keys_choice_int=\count136
)
(F:\CTEX\MiKTeX\tex\latex\expl3\l3precom.sty
Package: l3precom 2010/02/09 v1793 L3 Experimental precompilation module
\g_gen_sym_int=\count137
\g_ggen_sym_int=\count138
)
(F:\CTEX\MiKTeX\tex\latex\expl3\l3xref.sty
Package: l3xref 2010/02/09 v1786 L3 Experimental cross referencing
\g_xref_all_curr_immediate_fields_prop=\toks43
\g_xref_all_curr_deferred_fields_prop=\toks44
)
(F:\CTEX\MiKTeX\tex\latex\expl3\l3file.sty
Package: l3file 2010/03/21 v1853 L3 Experimental file loading
)
(F:\CTEX\MiKTeX\tex\latex\expl3\l3fp.sty
Package: l3fp 2010/11/25 v2092 L3 Experimental floating-point operations
\c_forty_four=\count139
\c_one_hundred=\count140
\c_one_thousand=\count141
\c_one_million=\count142
\c_one_hundred_million=\count143
\c_five_hundred_million=\count144
\c_one_thousand_million=\count145
\c_fp_pi_by_four_decimal_int=\count146
\c_fp_pi_by_four_extended_int=\count147
\c_fp_pi_decimal_int=\count148
\c_fp_pi_extended_int=\count149
\c_fp_two_pi_decimal_int=\count150
\c_fp_two_pi_extended_int=\count151
\l_fp_count_int=\count152
\l_fp_div_offset_int=\count153
\l_fp_input_a_sign_int=\count154
\l_fp_input_a_integer_int=\count155
\l_fp_input_a_decimal_int=\count156
\l_fp_input_a_exponent_int=\count157
\l_fp_input_b_sign_int=\count158
\l_fp_input_b_integer_int=\count159
\l_fp_input_b_decimal_int=\count160
\l_fp_input_b_exponent_int=\count161
\l_fp_input_a_extended_int=\count162
\l_fp_input_b_extended_int=\count163
\l_fp_mul_a_i_int=\count164
\l_fp_mul_a_ii_int=\count165
\l_fp_mul_a_iii_int=\count166
\l_fp_mul_a_iv_int=\count167
\l_fp_mul_a_v_int=\count168
\l_fp_mul_a_vi_int=\count169
\l_fp_mul_b_i_int=\count170
\l_fp_mul_b_ii_int=\count171
\l_fp_mul_b_iii_int=\count172
\l_fp_mul_b_iv_int=\count173
\l_fp_mul_b_v_int=\count174
\l_fp_mul_b_vi_int=\count175
\l_fp_mul_output_int=\count176
\l_fp_output_sign_int=\count177
\l_fp_output_integer_int=\count178
\l_fp_output_decimal_int=\count179
\l_fp_output_exponent_int=\count180
\l_fp_output_extended_int=\count181
\l_fp_round_position_int=\count182
\l_fp_round_target_int=\count183
\l_fp_split_sign_int=\count184
\l_fp_tmp_int=\count185
\l_fp_trig_octant_int=\count186
\l_fp_trig_sign_int=\count187
\l_fp_trig_decimal_int=\count188
\l_fp_trig_extended_int=\count189
\l_fp_tmp_dim=\dimen163
\l_fp_tmp_skip=\skip58
)
(F:\CTEX\MiKTeX\tex\latex\expl3\l3luatex.sty
Package: l3luatex 2010/07/18 v1985 L3 Experimental LuaTeX functions
\g_cctab_allocate_int=\count190
\g_cctab_stack_int=\count191
)
(F:\CTEX\MiKTeX\tex\latex\tools\calc.sty
Package: calc 2007/08/22 v4.3 Infix arithmetic (KKT,FJ)
\calc@Acount=\count192
\calc@Bcount=\count193
\calc@Adimen=\dimen164
\calc@Bdimen=\dimen165
\calc@Askip=\skip59
\calc@Bskip=\skip60
LaTeX Info: Redefining \setlength on input line 76.
LaTeX Info: Redefining \addtolength on input line 77.
\calc@Ccount=\count194
\calc@Cskip=\skip61
))
(F:\CTEX\MiKTeX\tex\latex\xpackages\xbase\xparse.sty
Package: xparse 2010/10/13 v2073 Generic document command parser
\c_xparse_shorthands_prop=\toks45
\l_xparse_m_args_int=\count195
\l_xparse_mandatory_args_int=\count196
\l_xparse_processor_int=\count197
\l_xparse_total_args_int=\count198
)
(F:\CTEX\MiKTeX\tex\generic\binhex\binhex.tex)
\l_fontspec_script_int=\count199
\l_fontspec_language_int=\count200
\l_fontspec_strnum_int=\count201
Variant \tl_gset:cV already defined; not changing it on line 79

(F:\CTEX\MiKTeX\tex\latex\xkeyval\xkeyval.sty
Package: xkeyval 2008/08/13 v2.6a package option processing (HA)

(F:\CTEX\MiKTeX\tex\generic\xkeyval\xkeyval.tex
\XKV@toks=\toks46
\XKV@tempa@toks=\toks47
Normal \count register pool exhausted, switching to extended pool.
\XKV@depth=\count277
File: xkeyval.tex 2008/08/13 v2.6a key=value parser (HA)
))
(F:\CTEX\MiKTeX\tex\latex\fontspec\fontspec-patches.sty
Package: fontspec-patches 2010/11/17 v2.1e Advanced font selection for XeLaTeX/
LuaLaTeX

(F:\CTEX\MiKTeX\tex\latex\base\fixltx2e.sty
Package: fixltx2e 2006/09/13 v1.1m fixes to LaTeX
LaTeX Info: Redefining \em on input line 420.
LaTeX Info: The control sequence `\[' is already robust on input line 471.
LaTeX Info: The control sequence `\]' is already robust on input line 472.
)
LaTeX Info: Redefining \em on input line 22.
LaTeX Info: Redefining \emph on input line 29.
LaTeX Info: Redefining \- on input line 32.
)
(F:\CTEX\MiKTeX\tex\latex\base\fontenc.sty
Package: fontenc 2005/09/27 v1.99g Standard LaTeX package

(F:\CTEX\MiKTeX\tex\latex\euenc\eu1enc.def
File: eu1enc.def 2010/05/27 v0.1h Experimental Unicode font encodings
)
LaTeX Font Info:    Try loading font information for EU1+lmr on input line 100.


(F:\CTEX\MiKTeX\tex\latex\euenc\eu1lmr.fd
File: eu1lmr.fd 2009/10/30 v1.6 Font defs for Latin Modern
))
(F:\CTEX\MiKTeX\tex\xelatex\xunicode\xunicode.sty
File: xunicode.sty 2010/11/06 v0.96 provides access to latin accents and many o
ther characters in Unicode lower plane
)
 LaTeX info: Defining document command \fontspec
(LaTeX)  with arg. spec. 'O{}m' on line 322.

 LaTeX info: Defining document command \setmainfont
(LaTeX)  with arg. spec. 'O{}m' on line 326.

 LaTeX info: Defining document command \setsansfont
(LaTeX)  with arg. spec. 'O{}m' on line 330.

 LaTeX info: Defining document command \setmonofont
(LaTeX)  with arg. spec. 'O{}m' on line 334.

 LaTeX info: Defining document command \setmathrm
(LaTeX)  with arg. spec. 'O{}m' on line 338.

 LaTeX info: Defining document command \setboldmathrm
(LaTeX)  with arg. spec. 'O{}m' on line 341.

 LaTeX info: Defining document command \setmathsf
(LaTeX)  with arg. spec. 'O{}m' on line 344.

 LaTeX info: Defining document command \setmathtt
(LaTeX)  with arg. spec. 'O{}m' on line 347.

 LaTeX info: Defining document command \newfontfamily
(LaTeX)  with arg. spec. 'mO{}m' on line 364.

 LaTeX info: Defining document command \newfontface
(LaTeX)  with arg. spec. 'mO{}m' on line 367.

 LaTeX info: Defining document command \defaultfontfeatures
(LaTeX)  with arg. spec. 'm' on line 370.

 LaTeX info: Defining document command \addfontfeatures
(LaTeX)  with arg. spec. 'm' on line 387.

 LaTeX info: Defining document command \newfontfeature
(LaTeX)  with arg. spec. 'mm' on line 394.

 LaTeX info: Defining document command \newAATfeature
(LaTeX)  with arg. spec. 'mmmm' on line 403.

 LaTeX info: Defining document command \newICUfeature
(LaTeX)  with arg. spec. 'mmm' on line 412.

 LaTeX info: Defining document command \aliasfontfeature
(LaTeX)  with arg. spec. 'mm' on line 414.

 LaTeX info: Defining document command \aliasfontfeatureoption
(LaTeX)  with arg. spec. 'mmm' on line 417.

 LaTeX info: Defining document command \newfontscript
(LaTeX)  with arg. spec. 'mm' on line 422.

 LaTeX info: Defining document command \newfontlanguage
(LaTeX)  with arg. spec. 'mm' on line 444.

 LaTeX info: Defining document command \DeclareFontsExtensions
(LaTeX)  with arg. spec. 'm' on line 461.

\c@fontspec_tmp_int=\count278
LaTeX Info: Redefining \itshape on input line 2071.
LaTeX Info: Redefining \slshape on input line 2075.
LaTeX Info: Redefining \scshape on input line 2079.
LaTeX Info: Redefining \upshape on input line 2083.

(F:\CTEX\MiKTeX\tex\latex\fontspec\fontspec.cfg))
\xeCJK@cnta=\count279
\xeCJK@cntb=\count280
\xeCJK@cntc=\count281
\xeCJK@cntd=\count282
\xeCJK@cnte=\count283
\xeCJK@dima=\dimen166
LaTeX Info: Redefining \normalfont on input line 807.
LaTeX Info: Redefining \rmfamily on input line 816.
LaTeX Info: Redefining \sffamily on input line 820.
LaTeX Info: Redefining \ttfamily on input line 824.
\xeCJK@featureadded=\count284
)
(F:\CTEX\MiKTeX\tex\latex\cite\cite.sty
LaTeX Info: Redefining \cite on input line 302.
LaTeX Info: Redefining \nocite on input line 373.
Package: cite 2010/09/10  v 5.3
)
(C:\Users\lemon\Desktop\MABForTA\MABPaper\paper\MAB_For_Task_Allocation_v1.0\MA
B_for_Task_allocation.aux)
LaTeX Font Info:    Checking defaults for OML/cmm/m/it on input line 92.
LaTeX Font Info:    ... okay on input line 92.
LaTeX Font Info:    Checking defaults for T1/cmr/m/n on input line 92.
LaTeX Font Info:    ... okay on input line 92.
LaTeX Font Info:    Checking defaults for OT1/cmr/m/n on input line 92.
LaTeX Font Info:    ... okay on input line 92.
LaTeX Font Info:    Checking defaults for OMS/cmsy/m/n on input line 92.
LaTeX Font Info:    ... okay on input line 92.
LaTeX Font Info:    Checking defaults for OMX/cmex/m/n on input line 92.
LaTeX Font Info:    ... okay on input line 92.
LaTeX Font Info:    Checking defaults for U/cmr/m/n on input line 92.
LaTeX Font Info:    ... okay on input line 92.
LaTeX Font Info:    Checking defaults for EU1/lmr/m/n on input line 92.
LaTeX Font Info:    ... okay on input line 92.

-- Lines per column: 61 (exact).
Package caption Info: Begin \AtBeginDocument code.
Package caption Info: End \AtBeginDocument code.

Package xeCJK Warning: Unknown CJK family `sf' is ignored.
Use \setCJKfamilyfont to define a CJK family. on input line 133.

LaTeX Font Info:    Try loading font information for EU1+lmss on input line 133
.
(F:\CTEX\MiKTeX\tex\latex\euenc\eu1lmss.fd
File: eu1lmss.fd 2009/10/30 v1.6 Font defs for Latin Modern
)
LaTeX Font Info:    Font shape `EU1/lmss/m/it' in size <11.04124> not available

(Font)              Font shape `EU1/lmss/m/sl' tried instead on input line 133.

LaTeX Font Info:    Calculating math sizes for size <11.04124> on input line 13
3.
LaTeX Font Info:    Try loading font information for U+lasy on input line 133.

(F:\CTEX\MiKTeX\tex\latex\base\ulasy.fd
File: ulasy.fd 1998/08/17 v2.2e LaTeX symbol font definitions
)
LaTeX Font Info:    Try loading font information for U+msa on input line 133.

(F:\CTEX\MiKTeX\tex\latex\amsfonts\umsa.fd
File: umsa.fd 2009/06/22 v3.00 AMS symbols A
)
LaTeX Font Info:    Try loading font information for U+msb on input line 133.

(F:\CTEX\MiKTeX\tex\latex\amsfonts\umsb.fd
File: umsb.fd 2009/06/22 v3.00 AMS symbols B
)
LaTeX Font Info:    Try loading font information for U+pzd on input line 133.

(F:\CTEX\MiKTeX\tex\latex\psnfss\upzd.fd
File: upzd.fd 2001/06/04 font definitions for U/pzd.
)
LaTeX Font Info:    Calculating math sizes for size <8.03> on input line 133.


LaTeX Font Warning: Font shape `EU1/lmss/bx/sc' undefined
(Font)              using `EU1/lmss/bx/n' instead on input line 153.

File: ./fig/mobile_crowdsensing.eps Graphic file (type eps)
<./fig/mobile_crowdsensing.eps>
Underfull \vbox (badness 10000) has occurred while \output is active []

LaTeX Font Info:    Calculating math sizes for size <7.02625> on input line 188
.
 [1


]
LaTeX Font Info:    Calculating math sizes for size <9.53561> on input line 243
.

Underfull \hbox (badness 10000) in paragraph at lines 257--258

 []


Underfull \hbox (badness 1377) in paragraph at lines 259--260
[]\EU1/lmr/bx/it/9.53561 Definition 2 \EU1/lmr/m/it/9.53561 Dominant Strategy I
ncentive Compatibili-
 []

[2]
Invalid UTF-8 byte or sequence at line 320 replaced by U+FFFD.
Invalid UTF-8 byte or sequence at line 320 replaced by U+FFFD.
Invalid UTF-8 byte or sequence at line 320 replaced by U+FFFD.
Invalid UTF-8 byte or sequence at line 320 replaced by U+FFFD.
Invalid UTF-8 byte or sequence at line 320 replaced by U+FFFD.
Invalid UTF-8 byte or sequence at line 320 replaced by U+FFFD.
Invalid UTF-8 byte or sequence at line 320 replaced by U+FFFD.
Invalid UTF-8 byte or sequence at line 320 replaced by U+FFFD.
Invalid UTF-8 byte or sequence at line 320 replaced by U+FFFD.
Invalid UTF-8 byte or sequence at line 320 replaced by U+FFFD.
Invalid UTF-8 byte or sequence at line 320 replaced by U+FFFD.
Invalid UTF-8 byte or sequence at line 320 replaced by U+FFFD.
Invalid UTF-8 byte or sequence at line 320 replaced by U+FFFD.
Invalid UTF-8 byte or sequence at line 320 replaced by U+FFFD.
Invalid UTF-8 byte or sequence at line 320 replaced by U+FFFD.
Invalid UTF-8 byte or sequence at line 320 replaced by U+FFFD.
Invalid UTF-8 byte or sequence at line 320 replaced by U+FFFD.
Invalid UTF-8 byte or sequence at line 320 replaced by U+FFFD.
Invalid UTF-8 byte or sequence at line 320 replaced by U+FFFD.
Invalid UTF-8 byte or sequence at line 320 replaced by U+FFFD.
Invalid UTF-8 byte or sequence at line 320 replaced by U+FFFD.
Invalid UTF-8 byte or sequence at line 320 replaced by U+FFFD.
Invalid UTF-8 byte or sequence at line 320 replaced by U+FFFD.
Invalid UTF-8 byte or sequence at line 320 replaced by U+FFFD.
Invalid UTF-8 byte or sequence at line 320 replaced by U+FFFD.
Invalid UTF-8 byte or sequence at line 320 replaced by U+FFFD.
Invalid UTF-8 byte or sequence at line 321 replaced by U+FFFD.
Invalid UTF-8 byte or sequence at line 321 replaced by U+FFFD.
Invalid UTF-8 byte or sequence at line 321 replaced by U+FFFD.
Invalid UTF-8 byte or sequence at line 321 replaced by U+FFFD.
Invalid UTF-8 byte or sequence at line 321 replaced by U+FFFD.
Invalid UTF-8 byte or sequence at line 321 replaced by U+FFFD.
Invalid UTF-8 byte or sequence at line 321 replaced by U+FFFD.
Invalid UTF-8 byte or sequence at line 321 replaced by U+FFFD.
Invalid UTF-8 byte or sequence at line 321 replaced by U+FFFD.
Invalid UTF-8 byte or sequence at line 321 replaced by U+FFFD.
Invalid UTF-8 byte or sequence at line 321 replaced by U+FFFD.
Invalid UTF-8 byte or sequence at line 321 replaced by U+FFFD.
Invalid UTF-8 byte or sequence at line 321 replaced by U+FFFD.
Invalid UTF-8 byte or sequence at line 321 replaced by U+FFFD.
Invalid UTF-8 byte or sequence at line 321 replaced by U+FFFD.
Invalid UTF-8 byte or sequence at line 321 replaced by U+FFFD.
Invalid UTF-8 byte or sequence at line 321 replaced by U+FFFD.
Invalid UTF-8 byte or sequence at line 321 replaced by U+FFFD.
Invalid UTF-8 byte or sequence at line 321 replaced by U+FFFD.
Invalid UTF-8 byte or sequence at line 321 replaced by U+FFFD.
Invalid UTF-8 byte or sequence at line 321 replaced by U+FFFD.
Invalid UTF-8 byte or sequence at line 321 replaced by U+FFFD.
Invalid UTF-8 byte or sequence at line 321 replaced by U+FFFD.
Invalid UTF-8 byte or sequence at line 321 replaced by U+FFFD.
Invalid UTF-8 byte or sequence at line 321 replaced by U+FFFD.
Invalid UTF-8 byte or sequence at line 321 replaced by U+FFFD.
Invalid UTF-8 byte or sequence at line 321 replaced by U+FFFD.
Invalid UTF-8 byte or sequence at line 321 replaced by U+FFFD.
Invalid UTF-8 byte or sequence at line 321 replaced by U+FFFD.
Invalid UTF-8 byte or sequence at line 321 replaced by U+FFFD.
 [3]
Underfull \hbox (badness 10000) in paragraph at lines 373--376

 []


Underfull \hbox (badness 2707) in paragraph at lines 381--382
\EU1/lmr/m/n/9.53561 Sampling algorithm. More precisely, suppose that the
 []


Underfull \hbox (badness 10000) in paragraph at lines 381--382

 []


Underfull \hbox (badness 10000) in paragraph at lines 383--384

 []


Underfull \hbox (badness 5064) in paragraph at lines 385--387
\EU1/lmr/m/n/9.53561 Then, if the prior for $\OML/cmm/m/it/10 ^^V$ \EU1/lmr/m/n
/9.53561 at time t is given by
 []


Underfull \hbox (badness 10000) in paragraph at lines 385--387

 []


Underfull \hbox (badness 2326) in paragraph at lines 399--400
[] []\EU1/lmr/m/n/9.53561 Update $\OML/cmm/m/it/10 B \OT1/cmr/m/n/10 = \OML/cmm
/m/it/10 B \OT1/cmr/m/n/10 + [](\OML/cmm/m/it/10 t\OT1/cmr/m/n/10 )[][]\OML/cmm
/m/it/10 ; f \OT1/cmr/m/n/10 = \OML/cmm/m/it/10 f \OT1/cmr/m/n/10 +
 []


Underfull \vbox (badness 10000) has occurred while \output is active []

Invalid UTF-8 byte or sequence at line 503 replaced by U+FFFD.
Invalid UTF-8 byte or sequence at line 503 replaced by U+FFFD.
Invalid UTF-8 byte or sequence at line 503 replaced by U+FFFD.
Invalid UTF-8 byte or sequence at line 503 replaced by U+FFFD.
Invalid UTF-8 byte or sequence at line 503 replaced by U+FFFD.
Invalid UTF-8 byte or sequence at line 503 replaced by U+FFFD.
Invalid UTF-8 byte or sequence at line 503 replaced by U+FFFD.
Invalid UTF-8 byte or sequence at line 503 replaced by U+FFFD.

(C:\Users\lemon\Desktop\MABForTA\MABPaper\paper\MAB_For_Task_Allocation_v1.0\MA
B_for_Task_allocation.bbl) [4]
(C:\Users\lemon\Desktop\MABForTA\MABPaper\paper\MAB_For_Task_Allocation_v1.0\MA
B_for_Task_allocation.aux)

LaTeX Font Warning: Some font shapes were not available, defaults substituted.

 ) 
Here is how much of TeX's memory you used:
 14006 strings out of 430486
 236061 string characters out of 3191695
 331753 words of memory out of 3000000
 16905 multiletter control sequences out of 15000+200000
 32796 words of font info for 159 fonts, out of 3000000 for 9000
 17 hyphenation exceptions out of 8191
 45i,8n,73p,1636b,679s stack positions out of 5000i,500n,10000p,200000b,50000s

Output written on MAB_for_Task_allocation.pdf (4 pages).
